
**** 04/06/24 02:25:49 *********** Evaluation PSpice (Nov 1999) **************

 * C:\Users\abul4\OneDrive\Desktop\College_Labs\full_adder.sch


 ****     CIRCUIT DESCRIPTION


******************************************************************************




* Schematics Version 9.1 - Web Update 1
* Fri Feb 02 10:57:47 2024



** Analysis setup **
.tran 0.5ms 4ms
.OP 
.STMLIB "C:\Users\abul4\OneDrive\Desktop\College_Labs\full_adder.stl"


* From [PSPICE NETLIST] section of pspiceev.ini:
---------------------------------------------------------------------$
ERROR -- Unable to open file.
.lib "nom.lib"

.INC "full_adder.net"

**** INCLUDING full_adder.net ****
* Schematics Netlist *

.EXTERNAL OUTPUT SUM
.EXTERNAL OUTPUT CARRY


X_U1A         $N_0001 $N_0002 $N_0003 $G_DPWR $G_DGND 7486 PARAMS:
+ IO_LEVEL=0 MNTYMXDLY=0
X_U2A         $N_0003 $N_0004 SUM $G_DPWR $G_DGND 7486 PARAMS:
+ IO_LEVEL=0 MNTYMXDLY=0
X_U3A         $N_0001 $N_0002 $N_0005 $G_DPWR $G_DGND 7408 PARAMS:
+ IO_LEVEL=0 MNTYMXDLY=0
X_U4A         $N_0003 $N_0004 $N_0006 $G_DPWR $G_DGND 7408 PARAMS:
+ IO_LEVEL=0 MNTYMXDLY=0
X_U5A         $N_0005 $N_0006 CARRY $G_DPWR $G_DGND 7432 PARAMS:
+ IO_LEVEL=0 MNTYMXDLY=0
U_DSTM-Z         STIM(1,0) $G_DPWR $G_DGND $N_0004 IO_STM STIMULUS=Z
U_DSTM-Y         STIM(1,0) $G_DPWR $G_DGND $N_0001 IO_STM STIMULUS=Y
U_DSTM-X         STIM(1,0) $G_DPWR $G_DGND $N_0002 IO_STM STIMULUS=X

**** RESUMING full_adder.cir ****
.INC "full_adder.als"



**** INCLUDING full_adder.als ****
* Schematics Aliases *

.ALIASES
X_U1A           U1A(A=$N_0001 B=$N_0002 Y=$N_0003 PWR=$G_DPWR GND=$G_DGND )
X_U2A           U2A(A=$N_0003 B=$N_0004 Y=SUM PWR=$G_DPWR GND=$G_DGND )
X_U3A           U3A(A=$N_0001 B=$N_0002 Y=$N_0005 PWR=$G_DPWR GND=$G_DGND )
X_U4A           U4A(A=$N_0003 B=$N_0004 Y=$N_0006 PWR=$G_DPWR GND=$G_DGND )
X_U5A           U5A(A=$N_0005 B=$N_0006 Y=CARRY PWR=$G_DPWR GND=$G_DGND )
U_DSTM-Z          DSTM-Z(PWR=$G_DPWR GND=$G_DGND OUT0=$N_0004 )
U_DSTM-Y          DSTM-Y(PWR=$G_DPWR GND=$G_DGND OUT0=$N_0001 )
U_DSTM-X          DSTM-X(PWR=$G_DPWR GND=$G_DGND OUT0=$N_0002 )
_    _(SUM=SUM)
_    _(CARRY=CARRY)
_    _($G_DPWR=$G_DPWR)
_    _($G_DGND=$G_DGND)
.ENDALIASES


**** RESUMING full_adder.cir ****
.probe


.END
